SINGLE_CASE_RUN_START
protocol=absolute
alpha=1.74
N=64
seed=105
amplitude_value=0.003
amplitude_label=etaabs_3em03
effective_eta=0.003
run_stem=absolute_a1p74_N64_seed105_etaabs_3em03
raw_csv_path=results\init_protocol_sweep_nonlin_onset\raw\absolute_a1p74_N64_seed105_etaabs_3em03.csv
log_path=results\init_protocol_sweep_nonlin_onset\logs\absolute_a1p74_N64_seed105_etaabs_3em03.log
target_initial_load=0.74
noise_fraction=0.2554054054054054
runtime_seconds=52.073739899962675
n_samples=1201
final_chi_hhi_star=0.22202620967677572
final_lambda2=0.0
final_total_weight=11.099999999809333
final_load_cv=1.0645812948416853
SINGLE_CASE_RUN_END

