SINGLE_CASE_RUN_START
protocol=absolute
alpha=1.74
N=64
seed=103
amplitude_value=0.001
amplitude_label=etaabs_1em03
effective_eta=0.001
run_stem=absolute_a1p74_N64_seed103_etaabs_1em03
raw_csv_path=results\init_protocol_sweep_nonlin_onset\raw\absolute_a1p74_N64_seed103_etaabs_1em03.csv
log_path=results\init_protocol_sweep_nonlin_onset\logs\absolute_a1p74_N64_seed103_etaabs_1em03.log
target_initial_load=0.74
noise_fraction=0.08513513513513514
runtime_seconds=53.075011300010374
n_samples=1201
final_chi_hhi_star=0.22202620967677572
final_lambda2=0.0
final_total_weight=11.099999999809341
final_load_cv=1.064581294841685
SINGLE_CASE_RUN_END

