SINGLE_CASE_RUN_START
protocol=absolute
alpha=1.8
N=128
seed=102
amplitude_value=0.001
amplitude_label=etaabs_1em03
effective_eta=0.001
run_stem=absolute_a1p80_N128_seed102_etaabs_1em03
raw_csv_path=results\init_protocol_sweep_nonlin_onset\raw\absolute_a1p80_N128_seed102_etaabs_1em03.csv
log_path=results\init_protocol_sweep_nonlin_onset\logs\absolute_a1p80_N128_seed102_etaabs_1em03.log
target_initial_load=0.8
noise_fraction=0.15874999999999997
runtime_seconds=89.12121319997823
n_samples=1201
final_chi_hhi_star=0.22829861111052055
final_lambda2=0.0
final_total_weight=23.999999999662478
final_load_cv=1.064581294841915
SINGLE_CASE_RUN_END

