SINGLE_CASE_RUN_START
protocol=absolute
alpha=1.74
N=64
seed=102
amplitude_value=0.0003
amplitude_label=etaabs_3em04
effective_eta=0.0003
run_stem=absolute_a1p74_N64_seed102_etaabs_3em04
raw_csv_path=results\init_protocol_sweep_nonlin_onset\raw\absolute_a1p74_N64_seed102_etaabs_3em04.csv
log_path=results\init_protocol_sweep_nonlin_onset\logs\absolute_a1p74_N64_seed102_etaabs_3em04.log
target_initial_load=0.74
noise_fraction=0.02554054054054054
runtime_seconds=52.341754199995194
n_samples=1201
final_chi_hhi_star=0.2220262096767757
final_lambda2=0.0
final_total_weight=11.099999999809338
final_load_cv=1.064581294841685
SINGLE_CASE_RUN_END

