SINGLE_CASE_RUN_START
protocol=absolute
alpha=1.74
N=128
seed=103
amplitude_value=0.0001
amplitude_label=etaabs_1em04
effective_eta=0.0001
run_stem=absolute_a1p74_N128_seed103_etaabs_1em04
raw_csv_path=results\init_protocol_sweep_nonlin_onset\raw\absolute_a1p74_N128_seed103_etaabs_1em04.csv
log_path=results\init_protocol_sweep_nonlin_onset\logs\absolute_a1p74_N128_seed103_etaabs_1em04.log
target_initial_load=0.74
noise_fraction=0.017162162162162164
runtime_seconds=61.89804329999606
n_samples=1201
final_chi_hhi_star=0.22829861111047264
final_lambda2=0.0
final_total_weight=22.19999999961869
final_load_cv=1.0645812948416853
SINGLE_CASE_RUN_END

