SINGLE_CASE_RUN_START
protocol=absolute
alpha=1.74
N=128
seed=101
amplitude_value=0.0003
amplitude_label=etaabs_3em04
effective_eta=0.0003
run_stem=absolute_a1p74_N128_seed101_etaabs_3em04
raw_csv_path=results\init_protocol_sweep_nonlin_onset\raw\absolute_a1p74_N128_seed101_etaabs_3em04.csv
log_path=results\init_protocol_sweep_nonlin_onset\logs\absolute_a1p74_N128_seed101_etaabs_3em04.log
target_initial_load=0.74
noise_fraction=0.05148648648648648
runtime_seconds=85.83319130001473
n_samples=1201
final_chi_hhi_star=0.2519221230151707
final_lambda2=0.0
final_total_weight=24.41999999958054
final_load_cv=0.9692233691925797
SINGLE_CASE_RUN_END

