SINGLE_CASE_RUN_START
protocol=absolute
alpha=1.8
N=128
seed=103
amplitude_value=0.0003
amplitude_label=etaabs_3em04
effective_eta=0.0003
run_stem=absolute_a1p80_N128_seed103_etaabs_3em04
raw_csv_path=results\init_protocol_sweep_nonlin_onset\raw\absolute_a1p80_N128_seed103_etaabs_3em04.csv
log_path=results\init_protocol_sweep_nonlin_onset\logs\absolute_a1p80_N128_seed103_etaabs_3em04.log
target_initial_load=0.8
noise_fraction=0.04762499999999999
runtime_seconds=59.51357410001219
n_samples=1201
final_chi_hhi_star=0.15742807539641201
final_lambda2=0.0
final_total_weight=16.79999999976373
final_load_cv=1.4309504001199507
SINGLE_CASE_RUN_END

