SINGLE_CASE_RUN_START
protocol=absolute
alpha=1.8
N=64
seed=104
amplitude_value=0.001
amplitude_label=etaabs_1em03
effective_eta=0.001
run_stem=absolute_a1p80_N64_seed104_etaabs_1em03
raw_csv_path=results\init_protocol_sweep_nonlin_onset\raw\absolute_a1p80_N64_seed104_etaabs_1em03.csv
log_path=results\init_protocol_sweep_nonlin_onset\logs\absolute_a1p80_N64_seed104_etaabs_1em03.log
target_initial_load=0.8
noise_fraction=0.07875
runtime_seconds=53.17565160000231
n_samples=1201
final_chi_hhi_star=0.0791330645158909
final_lambda2=0.0
final_total_weight=4.799999999932493
final_load_cv=2.0816659994522553
SINGLE_CASE_RUN_END

