SINGLE_CASE_RUN_START
protocol=absolute
alpha=1.8
N=64
seed=103
amplitude_value=0.0001
amplitude_label=etaabs_1em04
effective_eta=0.0001
run_stem=absolute_a1p80_N64_seed103_etaabs_1em04
raw_csv_path=results\init_protocol_sweep_nonlin_onset\raw\absolute_a1p80_N64_seed103_etaabs_1em04.csv
log_path=results\init_protocol_sweep_nonlin_onset\logs\absolute_a1p80_N64_seed103_etaabs_1em04.log
target_initial_load=0.8
noise_fraction=0.007875
runtime_seconds=64.37616489999346
n_samples=1201
final_chi_hhi_star=0.17439516128984628
final_lambda2=0.0
final_total_weight=9.599999999865
final_load_cv=1.2909944487315028
SINGLE_CASE_RUN_END

