SINGLE_CASE_RUN_START
protocol=absolute
alpha=1.74
N=128
seed=101
amplitude_value=0.0001
amplitude_label=etaabs_1em04
effective_eta=0.0001
run_stem=absolute_a1p74_N128_seed101_etaabs_1em04
raw_csv_path=results\init_protocol_sweep_nonlin_onset\raw\absolute_a1p74_N128_seed101_etaabs_1em04.csv
log_path=results\init_protocol_sweep_nonlin_onset\logs\absolute_a1p74_N128_seed101_etaabs_1em04.log
target_initial_load=0.74
noise_fraction=0.017162162162162164
runtime_seconds=60.49584620000678
n_samples=1201
final_chi_hhi_star=0.25192212301517075
final_lambda2=-6.804857655858113e-16
final_total_weight=24.419999999580572
final_load_cv=0.9692233691925798
SINGLE_CASE_RUN_END

SINGLE_CASE_RUN_START
protocol=absolute
alpha=1.74
N=128
seed=101
amplitude_value=0.0001
amplitude_label=etaabs_1em04
effective_eta=0.0001
run_stem=absolute_a1p74_N128_seed101_etaabs_1em04
raw_csv_path=results\init_protocol_sweep_nonlin_onset\raw\absolute_a1p74_N128_seed101_etaabs_1em04.csv
log_path=results\init_protocol_sweep_nonlin_onset\logs\absolute_a1p74_N128_seed101_etaabs_1em04.log
target_initial_load=0.74
noise_fraction=0.017162162162162164
runtime_seconds=62.497554200002924
n_samples=1201
final_chi_hhi_star=0.25192212301517075
final_lambda2=-6.804857655858113e-16
final_total_weight=24.419999999580572
final_load_cv=0.9692233691925798
SINGLE_CASE_RUN_END

SINGLE_CASE_RUN_START
protocol=absolute
alpha=1.74
N=128
seed=101
amplitude_value=0.0001
amplitude_label=etaabs_1em04
effective_eta=0.0001
run_stem=absolute_a1p74_N128_seed101_etaabs_1em04
raw_csv_path=results\init_protocol_sweep_nonlin_onset\raw\absolute_a1p74_N128_seed101_etaabs_1em04.csv
log_path=results\init_protocol_sweep_nonlin_onset\logs\absolute_a1p74_N128_seed101_etaabs_1em04.log
target_initial_load=0.74
noise_fraction=0.017162162162162164
runtime_seconds=60.18922220001696
n_samples=1201
final_chi_hhi_star=0.25192212301517075
final_lambda2=0.0
final_total_weight=24.419999999580572
final_load_cv=0.9692233691925798
SINGLE_CASE_RUN_END

