SINGLE_CASE_RUN_START
protocol=absolute
alpha=1.8
N=256
seed=101
amplitude_value=0.0001
amplitude_label=etaabs_1em04
effective_eta=0.0001
run_stem=absolute_a1p80_N256_seed101_etaabs_1em04
raw_csv_path=results\init_protocol_sweep_nonlin_onset\raw\absolute_a1p80_N256_seed101_etaabs_1em04.csv
log_path=results\init_protocol_sweep_nonlin_onset\logs\absolute_a1p80_N256_seed101_etaabs_1em04.log
target_initial_load=0.8
noise_fraction=0.031875
runtime_seconds=70.82227639999473
n_samples=1201
final_chi_hhi_star=0.19606606791288583
final_lambda2=-6.112194732590429e-16
final_total_weight=40.799999999426234
final_load_cv=1.2287407869681686
SINGLE_CASE_RUN_END

SINGLE_CASE_RUN_START
protocol=absolute
alpha=1.8
N=256
seed=101
amplitude_value=0.0001
amplitude_label=etaabs_1em04
effective_eta=0.0001
run_stem=absolute_a1p80_N256_seed101_etaabs_1em04
raw_csv_path=results\init_protocol_sweep_nonlin_onset\raw\absolute_a1p80_N256_seed101_etaabs_1em04.csv
log_path=results\init_protocol_sweep_nonlin_onset\logs\absolute_a1p80_N256_seed101_etaabs_1em04.log
target_initial_load=0.8
noise_fraction=0.031875
runtime_seconds=70.8654455000069
n_samples=1201
final_chi_hhi_star=0.19606606791288583
final_lambda2=-6.112194732590429e-16
final_total_weight=40.799999999426234
final_load_cv=1.2287407869681686
SINGLE_CASE_RUN_END

SINGLE_CASE_RUN_START
protocol=absolute
alpha=1.8
N=256
seed=101
amplitude_value=0.0001
amplitude_label=etaabs_1em04
effective_eta=0.0001
run_stem=absolute_a1p80_N256_seed101_etaabs_1em04
raw_csv_path=results\init_protocol_sweep_nonlin_onset\raw\absolute_a1p80_N256_seed101_etaabs_1em04.csv
log_path=results\init_protocol_sweep_nonlin_onset\logs\absolute_a1p80_N256_seed101_etaabs_1em04.log
target_initial_load=0.8
noise_fraction=0.031875
runtime_seconds=70.00727010000264
n_samples=1201
final_chi_hhi_star=0.19606606791288583
final_lambda2=0.0
final_total_weight=40.799999999426234
final_load_cv=1.2287407869681686
SINGLE_CASE_RUN_END

