SINGLE_CASE_RUN_START
protocol=absolute
alpha=1.74
N=256
seed=104
amplitude_value=0.001
amplitude_label=etaabs_1em03
effective_eta=0.001
run_stem=absolute_a1p74_N256_seed104_etaabs_1em03
raw_csv_path=results\init_protocol_sweep_nonlin_onset\raw\absolute_a1p74_N256_seed104_etaabs_1em03.csv
log_path=results\init_protocol_sweep_nonlin_onset\logs\absolute_a1p74_N256_seed104_etaabs_1em03.log
target_initial_load=0.74
noise_fraction=0.3445945945945946
runtime_seconds=67.09790950000752
n_samples=1201
final_chi_hhi_star=0.2431256151568126
final_lambda2=0.0
final_total_weight=46.61999999919923
final_load_cv=1.0157490003639513
SINGLE_CASE_RUN_END

