SINGLE_CASE_RUN_START
protocol=absolute
alpha=1.74
N=256
seed=104
amplitude_value=0.003
amplitude_label=etaabs_3em03
effective_eta=0.003
run_stem=absolute_a1p74_N256_seed104_etaabs_3em03
raw_csv_path=results\init_protocol_sweep_nonlin_onset\raw\absolute_a1p74_N256_seed104_etaabs_3em03.csv
log_path=results\init_protocol_sweep_nonlin_onset\logs\absolute_a1p74_N256_seed104_etaabs_3em03.log
target_initial_load=0.74
noise_fraction=1.0337837837837838
runtime_seconds=66.36586580000585
n_samples=1201
final_chi_hhi_star=0.21371339812933304
final_lambda2=0.0
final_total_weight=41.06999999929456
final_load_cv=1.1429375776035033
SINGLE_CASE_RUN_END

