SINGLE_CASE_RUN_START
protocol=absolute
alpha=1.8
N=64
seed=104
amplitude_value=0.0001
amplitude_label=etaabs_1em04
effective_eta=0.0001
run_stem=absolute_a1p80_N64_seed104_etaabs_1em04
raw_csv_path=results\init_protocol_sweep_nonlin_onset\raw\absolute_a1p80_N64_seed104_etaabs_1em04.csv
log_path=results\init_protocol_sweep_nonlin_onset\logs\absolute_a1p80_N64_seed104_etaabs_1em04.log
target_initial_load=0.8
noise_fraction=0.007875
runtime_seconds=59.36775589999161
n_samples=1201
final_chi_hhi_star=0.12694310453039231
final_lambda2=0.0
final_total_weight=7.199999999898843
final_load_cv=1.5986105077637685
SINGLE_CASE_RUN_END

