SINGLE_CASE_RUN_START
protocol=absolute
alpha=1.74
N=256
seed=101
amplitude_value=0.0003
amplitude_label=etaabs_3em04
effective_eta=0.0003
run_stem=absolute_a1p74_N256_seed101_etaabs_3em04
raw_csv_path=results\init_protocol_sweep_nonlin_onset\raw\absolute_a1p74_N256_seed101_etaabs_3em04.csv
log_path=results\init_protocol_sweep_nonlin_onset\logs\absolute_a1p74_N256_seed101_etaabs_3em04.log
target_initial_load=0.74
noise_fraction=0.10337837837837838
runtime_seconds=86.20435439998982
n_samples=1201
final_chi_hhi_star=0.23136072834582078
final_lambda2=0.0
final_total_weight=44.39999999923738
final_load_cv=1.0645812948416853
SINGLE_CASE_RUN_END

