SINGLE_CASE_EXECUTION_STUB_START
protocol=absolute
alpha=1.8
N=64
seed=101
amplitude_value=0.0001
amplitude_label=etaabs_1em04
effective_eta=0.0001
run_stem=absolute_a1p80_N64_seed101_etaabs_1em04
raw_csv_path=results\init_protocol_sweep_nonlin_onset\raw\absolute_a1p80_N64_seed101_etaabs_1em04.csv
log_path=results\init_protocol_sweep_nonlin_onset\logs\absolute_a1p80_N64_seed101_etaabs_1em04.log
SINGLE_CASE_EXECUTION_STUB_END

SINGLE_CASE_EXECUTION_STUB_START
protocol=absolute
alpha=1.8
N=64
seed=101
amplitude_value=0.0001
amplitude_label=etaabs_1em04
effective_eta=0.0001
run_stem=absolute_a1p80_N64_seed101_etaabs_1em04
raw_csv_path=results\init_protocol_sweep_nonlin_onset\raw\absolute_a1p80_N64_seed101_etaabs_1em04.csv
log_path=results\init_protocol_sweep_nonlin_onset\logs\absolute_a1p80_N64_seed101_etaabs_1em04.log
raw_csv_header=t,chi_hhi,lambda2,w_total
SINGLE_CASE_EXECUTION_STUB_END

SINGLE_CASE_RUN_START
protocol=absolute
alpha=1.8
N=64
seed=101
amplitude_value=0.0001
amplitude_label=etaabs_1em04
effective_eta=0.0001
run_stem=absolute_a1p80_N64_seed101_etaabs_1em04
raw_csv_path=results\init_protocol_sweep_nonlin_onset\raw\absolute_a1p80_N64_seed101_etaabs_1em04.csv
log_path=results\init_protocol_sweep_nonlin_onset\logs\absolute_a1p80_N64_seed101_etaabs_1em04.log
target_initial_load=0.8
noise_fraction=0.007875
runtime_seconds=76.88864720000129
n_samples=1201
final_chi_hhi_star=0.1267641129028686
final_lambda2=-3.9587290209080393e-16
final_total_weight=7.19999999989875
final_load_cv=1.5986105077638018
SINGLE_CASE_RUN_END

