SINGLE_CASE_RUN_START
protocol=absolute
alpha=1.74
N=128
seed=104
amplitude_value=0.003
amplitude_label=etaabs_3em03
effective_eta=0.003
run_stem=absolute_a1p74_N128_seed104_etaabs_3em03
raw_csv_path=results\init_protocol_sweep_nonlin_onset\raw\absolute_a1p74_N128_seed104_etaabs_3em03.csv
log_path=results\init_protocol_sweep_nonlin_onset\logs\absolute_a1p74_N128_seed104_etaabs_3em03.log
target_initial_load=0.74
noise_fraction=0.5148648648648649
runtime_seconds=58.77648739999859
n_samples=1201
final_chi_hhi_star=0.15742807539637851
final_lambda2=0.0
final_total_weight=15.53999999973307
final_load_cv=1.4309504001195084
SINGLE_CASE_RUN_END

