SINGLE_CASE_RUN_START
protocol=absolute
alpha=1.74
N=64
seed=103
amplitude_value=0.0001
amplitude_label=etaabs_1em04
effective_eta=0.0001
run_stem=absolute_a1p74_N64_seed103_etaabs_1em04
raw_csv_path=results\init_protocol_sweep_nonlin_onset\raw\absolute_a1p74_N64_seed103_etaabs_1em04.csv
log_path=results\init_protocol_sweep_nonlin_onset\logs\absolute_a1p74_N64_seed103_etaabs_1em04.log
target_initial_load=0.74
noise_fraction=0.008513513513513515
runtime_seconds=65.06052250001812
n_samples=1201
final_chi_hhi_star=0.17439516128980764
final_lambda2=0.0
final_total_weight=8.87999999984748
final_load_cv=1.290994448731153
SINGLE_CASE_RUN_END

