SINGLE_CASE_RUN_START
protocol=absolute
alpha=1.74
N=64
seed=101
amplitude_value=0.0001
amplitude_label=etaabs_1em04
effective_eta=0.0001
run_stem=absolute_a1p74_N64_seed101_etaabs_1em04
raw_csv_path=results\init_protocol_sweep_nonlin_onset\raw\absolute_a1p74_N64_seed101_etaabs_1em04.csv
log_path=results\init_protocol_sweep_nonlin_onset\logs\absolute_a1p74_N64_seed101_etaabs_1em04.log
target_initial_load=0.74
noise_fraction=0.008513513513513515
runtime_seconds=60.61890120001044
n_samples=1201
final_chi_hhi_star=0.12676411290283962
final_lambda2=-1.7437001649821502e-16
final_total_weight=6.659999999885607
final_load_cv=1.5986105077632253
SINGLE_CASE_RUN_END

SINGLE_CASE_RUN_START
protocol=absolute
alpha=1.74
N=64
seed=101
amplitude_value=0.0001
amplitude_label=etaabs_1em04
effective_eta=0.0001
run_stem=absolute_a1p74_N64_seed101_etaabs_1em04
raw_csv_path=results\init_protocol_sweep_nonlin_onset\raw\absolute_a1p74_N64_seed101_etaabs_1em04.csv
log_path=results\init_protocol_sweep_nonlin_onset\logs\absolute_a1p74_N64_seed101_etaabs_1em04.log
target_initial_load=0.74
noise_fraction=0.008513513513513515
runtime_seconds=63.37409810000099
n_samples=1201
final_chi_hhi_star=0.12676411290283962
final_lambda2=-1.7437001649821502e-16
final_total_weight=6.659999999885607
final_load_cv=1.5986105077632253
SINGLE_CASE_RUN_END

SINGLE_CASE_RUN_START
protocol=absolute
alpha=1.74
N=64
seed=101
amplitude_value=0.0001
amplitude_label=etaabs_1em04
effective_eta=0.0001
run_stem=absolute_a1p74_N64_seed101_etaabs_1em04
raw_csv_path=results\init_protocol_sweep_nonlin_onset\raw\absolute_a1p74_N64_seed101_etaabs_1em04.csv
log_path=results\init_protocol_sweep_nonlin_onset\logs\absolute_a1p74_N64_seed101_etaabs_1em04.log
target_initial_load=0.74
noise_fraction=0.008513513513513515
runtime_seconds=64.96056750003481
n_samples=1201
final_chi_hhi_star=0.12676411290283962
final_lambda2=0.0
final_total_weight=6.659999999885607
final_load_cv=1.5986105077632253
SINGLE_CASE_RUN_END

