SINGLE_CASE_RUN_START
protocol=absolute
alpha=1.8
N=64
seed=103
amplitude_value=0.0003
amplitude_label=etaabs_3em04
effective_eta=0.0003
run_stem=absolute_a1p80_N64_seed103_etaabs_3em04
raw_csv_path=results\init_protocol_sweep_nonlin_onset\raw\absolute_a1p80_N64_seed103_etaabs_3em04.csv
log_path=results\init_protocol_sweep_nonlin_onset\logs\absolute_a1p80_N64_seed103_etaabs_3em04.log
target_initial_load=0.8
noise_fraction=0.023624999999999997
runtime_seconds=52.44201989998692
n_samples=1201
final_chi_hhi_star=0.1267641129028686
final_lambda2=0.0
final_total_weight=7.1999999998987425
final_load_cv=1.5986105077638015
SINGLE_CASE_RUN_END

