SINGLE_CASE_RUN_START
protocol=absolute
alpha=1.8
N=256
seed=103
amplitude_value=0.001
amplitude_label=etaabs_1em03
effective_eta=0.001
run_stem=absolute_a1p80_N256_seed103_etaabs_1em03
raw_csv_path=results\init_protocol_sweep_nonlin_onset\raw\absolute_a1p80_N256_seed103_etaabs_1em03.csv
log_path=results\init_protocol_sweep_nonlin_onset\logs\absolute_a1p80_N256_seed103_etaabs_1em03.log
target_initial_load=0.8
noise_fraction=0.31875
runtime_seconds=66.86245479999343
n_samples=1201
final_chi_hhi_star=0.19018362450738874
final_lambda2=0.0
final_total_weight=39.599999999443085
final_load_cv=1.2593087730371508
SINGLE_CASE_RUN_END

