SINGLE_CASE_RUN_START
protocol=absolute
alpha=1.8
N=256
seed=101
amplitude_value=0.003
amplitude_label=etaabs_3em03
effective_eta=0.003
run_stem=absolute_a1p80_N256_seed101_etaabs_3em03
raw_csv_path=results\init_protocol_sweep_nonlin_onset\raw\absolute_a1p80_N256_seed101_etaabs_3em03.csv
log_path=results\init_protocol_sweep_nonlin_onset\logs\absolute_a1p80_N256_seed101_etaabs_3em03.log
target_initial_load=0.8
noise_fraction=0.9562499999999999
runtime_seconds=68.96674469998106
n_samples=1201
final_chi_hhi_star=0.21959584153487427
final_lambda2=0.0
final_total_weight=45.599999999358715
final_load_cv=1.116070802001704
SINGLE_CASE_RUN_END

