SINGLE_CASE_RUN_START
protocol=absolute
alpha=1.74
N=128
seed=102
amplitude_value=0.003
amplitude_label=etaabs_3em03
effective_eta=0.003
run_stem=absolute_a1p74_N128_seed102_etaabs_3em03
raw_csv_path=results\init_protocol_sweep_nonlin_onset\raw\absolute_a1p74_N128_seed102_etaabs_3em03.csv
log_path=results\init_protocol_sweep_nonlin_onset\logs\absolute_a1p74_N128_seed102_etaabs_3em03.log
target_initial_load=0.74
noise_fraction=0.5148648648648649
runtime_seconds=92.89436610002303
n_samples=1201
final_chi_hhi_star=0.2046750992057746
final_lambda2=0.0
final_total_weight=19.97999999965682
final_load_cv=1.1706281947576656
SINGLE_CASE_RUN_END

