SINGLE_CASE_RUN_START
protocol=absolute
alpha=1.8
N=64
seed=101
amplitude_value=0.001
amplitude_label=etaabs_1em03
effective_eta=0.001
run_stem=absolute_a1p80_N64_seed101_etaabs_1em03
raw_csv_path=results\init_protocol_sweep_nonlin_onset\raw\absolute_a1p80_N64_seed101_etaabs_1em03.csv
log_path=results\init_protocol_sweep_nonlin_onset\logs\absolute_a1p80_N64_seed101_etaabs_1em03.log
target_initial_load=0.8
noise_fraction=0.07875
runtime_seconds=129.65629959999933
n_samples=1201
final_chi_hhi_star=0.1267641129028686
final_lambda2=0.0
final_total_weight=7.1999999998987425
final_load_cv=1.5986105077638015
SINGLE_CASE_RUN_END

