SINGLE_CASE_RUN_START
protocol=absolute
alpha=1.74
N=128
seed=102
amplitude_value=0.001
amplitude_label=etaabs_1em03
effective_eta=0.001
run_stem=absolute_a1p74_N128_seed102_etaabs_1em03
raw_csv_path=results\init_protocol_sweep_nonlin_onset\raw\absolute_a1p74_N128_seed102_etaabs_1em03.csv
log_path=results\init_protocol_sweep_nonlin_onset\logs\absolute_a1p74_N128_seed102_etaabs_1em03.log
target_initial_load=0.74
noise_fraction=0.17162162162162165
runtime_seconds=89.80480739998166
n_samples=1201
final_chi_hhi_star=0.25192212301517075
final_lambda2=0.0
final_total_weight=24.41999999958054
final_load_cv=0.9692233691925798
SINGLE_CASE_RUN_END

