SINGLE_CASE_RUN_START
protocol=absolute
alpha=1.74
N=64
seed=104
amplitude_value=0.0001
amplitude_label=etaabs_1em04
effective_eta=0.0001
run_stem=absolute_a1p74_N64_seed104_etaabs_1em04
raw_csv_path=results\init_protocol_sweep_nonlin_onset\raw\absolute_a1p74_N64_seed104_etaabs_1em04.csv
log_path=results\init_protocol_sweep_nonlin_onset\logs\absolute_a1p74_N64_seed104_etaabs_1em04.log
target_initial_load=0.74
noise_fraction=0.008513513513513515
runtime_seconds=58.61005760001717
n_samples=1201
final_chi_hhi_star=0.07913306451587157
final_lambda2=0.0
final_total_weight=4.439999999923739
final_load_cv=2.0816659994511295
SINGLE_CASE_RUN_END

