SINGLE_CASE_RUN_START
protocol=absolute
alpha=1.74
N=64
seed=102
amplitude_value=0.003
amplitude_label=etaabs_3em03
effective_eta=0.003
run_stem=absolute_a1p74_N64_seed102_etaabs_3em03
raw_csv_path=results\init_protocol_sweep_nonlin_onset\raw\absolute_a1p74_N64_seed102_etaabs_3em03.csv
log_path=results\init_protocol_sweep_nonlin_onset\logs\absolute_a1p74_N64_seed102_etaabs_3em03.log
target_initial_load=0.74
noise_fraction=0.2554054054054054
runtime_seconds=81.16998340000282
n_samples=1201
final_chi_hhi_star=0.12676411290283962
final_lambda2=0.0
final_total_weight=6.659999999885599
final_load_cv=1.5986105077632256
SINGLE_CASE_RUN_END

