SINGLE_CASE_RUN_START
protocol=absolute
alpha=1.74
N=256
seed=105
amplitude_value=0.0001
amplitude_label=etaabs_1em04
effective_eta=0.0001
run_stem=absolute_a1p74_N256_seed105_etaabs_1em04
raw_csv_path=results\init_protocol_sweep_nonlin_onset\raw\absolute_a1p74_N256_seed105_etaabs_1em04.csv
log_path=results\init_protocol_sweep_nonlin_onset\logs\absolute_a1p74_N256_seed105_etaabs_1em04.log
target_initial_load=0.74
noise_fraction=0.03445945945945946
runtime_seconds=66.59995820000768
n_samples=1201
final_chi_hhi_star=0.17253629429086165
final_lambda2=0.0
final_total_weight=33.299999999428024
final_load_cv=1.3581032524923373
SINGLE_CASE_RUN_END

