SINGLE_CASE_RUN_START
protocol=absolute
alpha=1.8
N=128
seed=103
amplitude_value=0.003
amplitude_label=etaabs_3em03
effective_eta=0.003
run_stem=absolute_a1p80_N128_seed103_etaabs_3em03
raw_csv_path=results\init_protocol_sweep_nonlin_onset\raw\absolute_a1p80_N128_seed103_etaabs_3em03.csv
log_path=results\init_protocol_sweep_nonlin_onset\logs\absolute_a1p80_N128_seed103_etaabs_3em03.log
target_initial_load=0.8
noise_fraction=0.47624999999999995
runtime_seconds=56.03251300001284
n_samples=1201
final_chi_hhi_star=0.22829861111052058
final_lambda2=0.0
final_total_weight=23.99999999966248
final_load_cv=1.0645812948419153
SINGLE_CASE_RUN_END

