SINGLE_CASE_RUN_START
protocol=absolute
alpha=1.74
N=64
seed=105
amplitude_value=0.001
amplitude_label=etaabs_1em03
effective_eta=0.001
run_stem=absolute_a1p74_N64_seed105_etaabs_1em03
raw_csv_path=results\init_protocol_sweep_nonlin_onset\raw\absolute_a1p74_N64_seed105_etaabs_1em03.csv
log_path=results\init_protocol_sweep_nonlin_onset\logs\absolute_a1p74_N64_seed105_etaabs_1em03.log
target_initial_load=0.74
noise_fraction=0.08513513513513514
runtime_seconds=56.44683090003673
n_samples=1201
final_chi_hhi_star=0.17439516128980764
final_lambda2=0.0
final_total_weight=8.879999999847469
final_load_cv=1.2909944487311535
SINGLE_CASE_RUN_END

