SINGLE_CASE_RUN_START
protocol=absolute
alpha=1.74
N=256
seed=101
amplitude_value=0.001
amplitude_label=etaabs_1em03
effective_eta=0.001
run_stem=absolute_a1p74_N256_seed101_etaabs_1em03
raw_csv_path=results\init_protocol_sweep_nonlin_onset\raw\absolute_a1p74_N256_seed101_etaabs_1em03.csv
log_path=results\init_protocol_sweep_nonlin_onset\logs\absolute_a1p74_N256_seed101_etaabs_1em03.log
target_initial_load=0.74
noise_fraction=0.3445945945945946
runtime_seconds=71.81558029999724
n_samples=1201
final_chi_hhi_star=0.19018362450734938
final_lambda2=0.0
final_total_weight=36.629999999370824
final_load_cv=1.2593087730368207
SINGLE_CASE_RUN_END

