SINGLE_CASE_RUN_START
protocol=relative
alpha=1.8
N=64
seed=104
amplitude_value=0.2
amplitude_label=etarel_c0p20
effective_eta=0.0025396825396825397
run_stem=relative_a1p80_N64_seed104_etarel_c0p20
raw_csv_path=results\init_protocol_sweep_nonlin_onset\raw\relative_a1p80_N64_seed104_etarel_c0p20.csv
log_path=results\init_protocol_sweep_nonlin_onset\logs\relative_a1p80_N64_seed104_etarel_c0p20.log
target_initial_load=0.8
noise_fraction=0.2
runtime_seconds=56.84074909996707
n_samples=1201
final_chi_hhi_star=0.22202620967682402
final_lambda2=0.0
final_total_weight=11.999999999831239
final_load_cv=1.0645812948419153
SINGLE_CASE_RUN_END

