SINGLE_CASE_RUN_START
protocol=relative
alpha=1.8
N=256
seed=104
amplitude_value=0.05
amplitude_label=etarel_c0p05
effective_eta=0.00015686274509803925
run_stem=relative_a1p80_N256_seed104_etarel_c0p05
raw_csv_path=results\init_protocol_sweep_nonlin_onset\raw\relative_a1p80_N256_seed104_etarel_c0p05.csv
log_path=results\init_protocol_sweep_nonlin_onset\logs\relative_a1p80_N256_seed104_etarel_c0p05.log
target_initial_load=0.8
noise_fraction=0.05
runtime_seconds=71.59655560000101
n_samples=1201
final_chi_hhi_star=0.20783095472388005
final_lambda2=0.0
final_total_weight=43.19999999939246
final_load_cv=1.170628194757947
SINGLE_CASE_RUN_END

