SINGLE_CASE_RUN_START
protocol=relative
alpha=1.74
N=64
seed=104
amplitude_value=1.0
amplitude_label=etarel_c1p00
effective_eta=0.011746031746031746
run_stem=relative_a1p74_N64_seed104_etarel_c1p00
raw_csv_path=results\init_protocol_sweep_nonlin_onset\raw\relative_a1p74_N64_seed104_etarel_c1p00.csv
log_path=results\init_protocol_sweep_nonlin_onset\logs\relative_a1p74_N64_seed104_etarel_c1p00.log
target_initial_load=0.74
noise_fraction=1.0
runtime_seconds=52.11242780002067
n_samples=1201
final_chi_hhi_star=0.22202620967677572
final_lambda2=0.0
final_total_weight=11.099999999809345
final_load_cv=1.0645812948416853
SINGLE_CASE_RUN_END

