SINGLE_CASE_RUN_START
protocol=relative
alpha=1.8
N=64
seed=102
amplitude_value=0.05
amplitude_label=etarel_c0p05
effective_eta=0.0006349206349206349
run_stem=relative_a1p80_N64_seed102_etarel_c0p05
raw_csv_path=results\init_protocol_sweep_nonlin_onset\raw\relative_a1p80_N64_seed102_etarel_c0p05.csv
log_path=results\init_protocol_sweep_nonlin_onset\logs\relative_a1p80_N64_seed102_etarel_c0p05.log
target_initial_load=0.8
noise_fraction=0.05
runtime_seconds=61.18368700001156
n_samples=1201
final_chi_hhi_star=0.2696572580638017
final_lambda2=0.0
final_total_weight=14.399999999797489
final_load_cv=0.8819171036862371
SINGLE_CASE_RUN_END

