SINGLE_CASE_RUN_START
protocol=relative
alpha=1.74
N=64
seed=101
amplitude_value=0.2
amplitude_label=etarel_c0p20
effective_eta=0.002349206349206349
run_stem=relative_a1p74_N64_seed101_etarel_c0p20
raw_csv_path=results\init_protocol_sweep_nonlin_onset\raw\relative_a1p74_N64_seed101_etarel_c0p20.csv
log_path=results\init_protocol_sweep_nonlin_onset\logs\relative_a1p74_N64_seed101_etarel_c0p20.log
target_initial_load=0.74
noise_fraction=0.2
runtime_seconds=64.07890769999358
n_samples=1201
final_chi_hhi_star=0.12676411290283962
final_lambda2=0.0
final_total_weight=6.659999999885605
final_load_cv=1.5986105077632253
SINGLE_CASE_RUN_END

