SINGLE_CASE_RUN_START
protocol=relative
alpha=1.74
N=64
seed=104
amplitude_value=0.5
amplitude_label=etarel_c0p50
effective_eta=0.005873015873015873
run_stem=relative_a1p74_N64_seed104_etarel_c0p50
raw_csv_path=results\init_protocol_sweep_nonlin_onset\raw\relative_a1p74_N64_seed104_etarel_c0p50.csv
log_path=results\init_protocol_sweep_nonlin_onset\logs\relative_a1p74_N64_seed104_etarel_c0p50.log
target_initial_load=0.74
noise_fraction=0.5
runtime_seconds=57.71186440001475
n_samples=1201
final_chi_hhi_star=0.17439516128980764
final_lambda2=0.0
final_total_weight=8.879999999847472
final_load_cv=1.2909944487311535
SINGLE_CASE_RUN_END

