SINGLE_CASE_RUN_START
protocol=relative
alpha=1.8
N=256
seed=103
amplitude_value=0.05
amplitude_label=etarel_c0p05
effective_eta=0.00015686274509803925
run_stem=relative_a1p80_N256_seed103_etarel_c0p05
raw_csv_path=results\init_protocol_sweep_nonlin_onset\raw\relative_a1p80_N256_seed103_etarel_c0p05.csv
log_path=results\init_protocol_sweep_nonlin_onset\logs\relative_a1p80_N256_seed103_etarel_c0p05.log
target_initial_load=0.8
noise_fraction=0.05
runtime_seconds=66.9396349999879
n_samples=1201
final_chi_hhi_star=0.18430118110189164
final_lambda2=0.0
final_total_weight=38.399999999459965
final_load_cv=1.2909944487315026
SINGLE_CASE_RUN_END

