SINGLE_CASE_RUN_START
protocol=relative
alpha=1.8
N=256
seed=101
amplitude_value=1.0
amplitude_label=etarel_c1p00
effective_eta=0.0031372549019607846
run_stem=relative_a1p80_N256_seed101_etarel_c1p00
raw_csv_path=results\init_protocol_sweep_nonlin_onset\raw\relative_a1p80_N256_seed101_etarel_c1p00.csv
log_path=results\init_protocol_sweep_nonlin_onset\logs\relative_a1p80_N256_seed101_etarel_c1p00.log
target_initial_load=0.8
noise_fraction=1.0
runtime_seconds=66.75694459999795
n_samples=1201
final_chi_hhi_star=0.21959584153487427
final_lambda2=0.0
final_total_weight=45.59999999935872
final_load_cv=1.1160708020017038
SINGLE_CASE_RUN_END

