SINGLE_CASE_RUN_START
protocol=relative
alpha=1.74
N=128
seed=102
amplitude_value=0.1
amplitude_label=etarel_c0p10
effective_eta=0.0005826771653543307
run_stem=relative_a1p74_N128_seed102_etarel_c0p10
raw_csv_path=results\init_protocol_sweep_nonlin_onset\raw\relative_a1p74_N128_seed102_etarel_c0p10.csv
log_path=results\init_protocol_sweep_nonlin_onset\logs\relative_a1p74_N128_seed102_etarel_c0p10.log
target_initial_load=0.74
noise_fraction=0.1
runtime_seconds=94.98243539998657
n_samples=1201
final_chi_hhi_star=0.22829861111047267
final_lambda2=0.0
final_total_weight=22.199999999618694
final_load_cv=1.064581294841685
SINGLE_CASE_RUN_END

