SINGLE_CASE_RUN_START
protocol=relative
alpha=1.8
N=256
seed=104
amplitude_value=0.1
amplitude_label=etarel_c0p10
effective_eta=0.0003137254901960785
run_stem=relative_a1p80_N256_seed104_etarel_c0p10
raw_csv_path=results\init_protocol_sweep_nonlin_onset\raw\relative_a1p80_N256_seed104_etarel_c0p10.csv
log_path=results\init_protocol_sweep_nonlin_onset\logs\relative_a1p80_N256_seed104_etarel_c0p10.log
target_initial_load=0.8
noise_fraction=0.1
runtime_seconds=66.82149569998728
n_samples=1201
final_chi_hhi_star=0.1725362942908974
final_lambda2=0.0
final_total_weight=35.999999999493724
final_load_cv=1.358103252492729
SINGLE_CASE_RUN_END

