SINGLE_CASE_RUN_START
protocol=relative
alpha=1.74
N=256
seed=101
amplitude_value=0.05
amplitude_label=etarel_c0p05
effective_eta=0.00014509803921568628
run_stem=relative_a1p74_N256_seed101_etarel_c0p05
raw_csv_path=results\init_protocol_sweep_nonlin_onset\raw\relative_a1p74_N256_seed101_etarel_c0p05.csv
log_path=results\init_protocol_sweep_nonlin_onset\logs\relative_a1p74_N256_seed101_etarel_c0p05.log
target_initial_load=0.74
noise_fraction=0.05
runtime_seconds=70.86243839999952
n_samples=1201
final_chi_hhi_star=0.24312561515681258
final_lambda2=-7.182546994581942e-16
final_total_weight=46.61999999919924
final_load_cv=1.0157490003639513
SINGLE_CASE_RUN_END

