SINGLE_CASE_RUN_START
protocol=relative
alpha=1.8
N=128
seed=102
amplitude_value=0.1
amplitude_label=etarel_c0p10
effective_eta=0.0006299212598425198
run_stem=relative_a1p80_N128_seed102_etarel_c0p10
raw_csv_path=results\init_protocol_sweep_nonlin_onset\raw\relative_a1p80_N128_seed102_etarel_c0p10.csv
log_path=results\init_protocol_sweep_nonlin_onset\logs\relative_a1p80_N128_seed102_etarel_c0p10.log
target_initial_load=0.8
noise_fraction=0.1
runtime_seconds=92.60909650000394
n_samples=1201
final_chi_hhi_star=0.22829861111052052
final_lambda2=0.0
final_total_weight=23.999999999662496
final_load_cv=1.0645812948419153
SINGLE_CASE_RUN_END

