SINGLE_CASE_RUN_START
protocol=relative
alpha=1.74
N=128
seed=105
amplitude_value=0.2
amplitude_label=etarel_c0p20
effective_eta=0.0011653543307086614
run_stem=relative_a1p74_N128_seed105_etarel_c0p20
raw_csv_path=results\init_protocol_sweep_nonlin_onset\raw\relative_a1p74_N128_seed105_etarel_c0p20.csv
log_path=results\init_protocol_sweep_nonlin_onset\logs\relative_a1p74_N128_seed105_etarel_c0p20.log
target_initial_load=0.74
noise_fraction=0.2
runtime_seconds=59.89656859997194
n_samples=1201
final_chi_hhi_star=0.18105158730107657
final_lambda2=0.0
final_total_weight=17.759999999694948
final_load_cv=1.2909944487311535
SINGLE_CASE_RUN_END

