SINGLE_CASE_RUN_START
protocol=relative
alpha=1.74
N=128
seed=102
amplitude_value=0.05
amplitude_label=etarel_c0p05
effective_eta=0.00029133858267716534
run_stem=relative_a1p74_N128_seed102_etarel_c0p05
raw_csv_path=results\init_protocol_sweep_nonlin_onset\raw\relative_a1p74_N128_seed102_etarel_c0p05.csv
log_path=results\init_protocol_sweep_nonlin_onset\logs\relative_a1p74_N128_seed102_etarel_c0p05.log
target_initial_load=0.74
noise_fraction=0.05
runtime_seconds=54.59590190000017
n_samples=1201
final_chi_hhi_star=0.20467509920577462
final_lambda2=0.0
final_total_weight=19.97999999965682
final_load_cv=1.1706281947576656
SINGLE_CASE_RUN_END

