SINGLE_CASE_RUN_START
protocol=relative
alpha=1.74
N=64
seed=103
amplitude_value=0.05
amplitude_label=etarel_c0p05
effective_eta=0.0005873015873015873
run_stem=relative_a1p74_N64_seed103_etarel_c0p05
raw_csv_path=results\init_protocol_sweep_nonlin_onset\raw\relative_a1p74_N64_seed103_etarel_c0p05.csv
log_path=results\init_protocol_sweep_nonlin_onset\logs\relative_a1p74_N64_seed103_etarel_c0p05.log
target_initial_load=0.74
noise_fraction=0.05
runtime_seconds=54.24741999999969
n_samples=1201
final_chi_hhi_star=0.22202620967677572
final_lambda2=0.0
final_total_weight=11.099999999809334
final_load_cv=1.0645812948416853
SINGLE_CASE_RUN_END

