SINGLE_CASE_RUN_START
protocol=relative
alpha=1.8
N=128
seed=101
amplitude_value=0.05
amplitude_label=etarel_c0p05
effective_eta=0.0003149606299212599
run_stem=relative_a1p80_N128_seed101_etarel_c0p05
raw_csv_path=results\init_protocol_sweep_nonlin_onset\raw\relative_a1p80_N128_seed101_etarel_c0p05.csv
log_path=results\init_protocol_sweep_nonlin_onset\logs\relative_a1p80_N128_seed101_etarel_c0p05.log
target_initial_load=0.8
noise_fraction=0.05
runtime_seconds=62.22392150000087
n_samples=1201
final_chi_hhi_star=0.2519221230152234
final_lambda2=-6.234636334564356e-16
final_total_weight=26.399999999628733
final_load_cv=0.9692233691927701
SINGLE_CASE_RUN_END

SINGLE_CASE_RUN_START
protocol=relative
alpha=1.8
N=128
seed=101
amplitude_value=0.05
amplitude_label=etarel_c0p05
effective_eta=0.0003149606299212599
run_stem=relative_a1p80_N128_seed101_etarel_c0p05
raw_csv_path=results\init_protocol_sweep_nonlin_onset\raw\relative_a1p80_N128_seed101_etarel_c0p05.csv
log_path=results\init_protocol_sweep_nonlin_onset\logs\relative_a1p80_N128_seed101_etarel_c0p05.log
target_initial_load=0.8
noise_fraction=0.05
runtime_seconds=67.64702250000846
n_samples=1201
final_chi_hhi_star=0.2519221230152234
final_lambda2=-6.234636334564356e-16
final_total_weight=26.399999999628733
final_load_cv=0.9692233691927701
SINGLE_CASE_RUN_END

SINGLE_CASE_RUN_START
protocol=relative
alpha=1.8
N=128
seed=101
amplitude_value=0.05
amplitude_label=etarel_c0p05
effective_eta=0.0003149606299212599
run_stem=relative_a1p80_N128_seed101_etarel_c0p05
raw_csv_path=results\init_protocol_sweep_nonlin_onset\raw\relative_a1p80_N128_seed101_etarel_c0p05.csv
log_path=results\init_protocol_sweep_nonlin_onset\logs\relative_a1p80_N128_seed101_etarel_c0p05.log
target_initial_load=0.8
noise_fraction=0.05
runtime_seconds=64.86222660000203
n_samples=1201
final_chi_hhi_star=0.2519221230152234
final_lambda2=0.0
final_total_weight=26.399999999628733
final_load_cv=0.9692233691927701
SINGLE_CASE_RUN_END

SINGLE_CASE_RUN_START
protocol=relative
alpha=1.8
N=128
seed=101
amplitude_value=0.05
amplitude_label=etarel_c0p05
effective_eta=0.0003149606299212599
run_stem=relative_a1p80_N128_seed101_etarel_c0p05
raw_csv_path=results\init_protocol_sweep_nonlin_onset\raw\relative_a1p80_N128_seed101_etarel_c0p05.csv
log_path=results\init_protocol_sweep_nonlin_onset\logs\relative_a1p80_N128_seed101_etarel_c0p05.log
target_initial_load=0.8
noise_fraction=0.05
runtime_seconds=63.91629079999984
n_samples=1201
final_chi_hhi_star=0.2519221230152234
final_lambda2=0.0
final_total_weight=26.399999999628733
final_load_cv=0.9692233691927701
SINGLE_CASE_RUN_END

