SINGLE_CASE_RUN_START
protocol=relative
alpha=1.74
N=64
seed=102
amplitude_value=0.05
amplitude_label=etarel_c0p05
effective_eta=0.0005873015873015873
run_stem=relative_a1p74_N64_seed102_etarel_c0p05
raw_csv_path=results\init_protocol_sweep_nonlin_onset\raw\relative_a1p74_N64_seed102_etarel_c0p05.csv
log_path=results\init_protocol_sweep_nonlin_onset\logs\relative_a1p74_N64_seed102_etarel_c0p05.log
target_initial_load=0.74
noise_fraction=0.05
runtime_seconds=51.15792599998531
n_samples=1201
final_chi_hhi_star=0.26965725806374374
final_lambda2=0.0
final_total_weight=13.319999999771209
final_load_cv=0.8819171036860782
SINGLE_CASE_RUN_END

