SINGLE_CASE_RUN_START
protocol=relative
alpha=1.8
N=128
seed=105
amplitude_value=1.0
amplitude_label=etarel_c1p00
effective_eta=0.006299212598425198
run_stem=relative_a1p80_N128_seed105_etarel_c1p00
raw_csv_path=results\init_protocol_sweep_nonlin_onset\raw\relative_a1p80_N128_seed105_etarel_c1p00.csv
log_path=results\init_protocol_sweep_nonlin_onset\logs\relative_a1p80_N128_seed105_etarel_c1p00.log
target_initial_load=0.8
noise_fraction=1.0
runtime_seconds=54.89684940001462
n_samples=1201
final_chi_hhi_star=0.14561631944406056
final_lambda2=0.0
final_total_weight=15.599999999780618
final_load_cv=1.5106459817020526
SINGLE_CASE_RUN_END

