SINGLE_CASE_RUN_START
protocol=relative
alpha=1.8
N=64
seed=103
amplitude_value=1.0
amplitude_label=etarel_c1p00
effective_eta=0.012698412698412698
run_stem=relative_a1p80_N64_seed103_etarel_c1p00
raw_csv_path=results\init_protocol_sweep_nonlin_onset\raw\relative_a1p80_N64_seed103_etarel_c1p00.csv
log_path=results\init_protocol_sweep_nonlin_onset\logs\relative_a1p80_N64_seed103_etarel_c1p00.log
target_initial_load=0.8
noise_fraction=1.0
runtime_seconds=52.059901899978286
n_samples=1201
final_chi_hhi_star=0.22202620967682402
final_lambda2=0.0
final_total_weight=11.999999999831243
final_load_cv=1.064581294841915
SINGLE_CASE_RUN_END

