SINGLE_CASE_RUN_START
protocol=relative
alpha=1.74
N=256
seed=101
amplitude_value=0.2
amplitude_label=etarel_c0p20
effective_eta=0.0005803921568627451
run_stem=relative_a1p74_N256_seed101_etarel_c0p20
raw_csv_path=results\init_protocol_sweep_nonlin_onset\raw\relative_a1p74_N256_seed101_etarel_c0p20.csv
log_path=results\init_protocol_sweep_nonlin_onset\logs\relative_a1p74_N256_seed101_etarel_c0p20.log
target_initial_load=0.74
noise_fraction=0.2
runtime_seconds=69.76054590000422
n_samples=1201
final_chi_hhi_star=0.21959584153482892
final_lambda2=0.0
final_total_weight=42.1799999992755
final_load_cv=1.11607080200145
SINGLE_CASE_RUN_END

