SINGLE_CASE_RUN_START
protocol=relative
alpha=1.8
N=256
seed=104
amplitude_value=0.5
amplitude_label=etarel_c0p50
effective_eta=0.0015686274509803923
run_stem=relative_a1p80_N256_seed104_etarel_c0p50
raw_csv_path=results\init_protocol_sweep_nonlin_onset\raw\relative_a1p80_N256_seed104_etarel_c0p50.csv
log_path=results\init_protocol_sweep_nonlin_onset\logs\relative_a1p80_N256_seed104_etarel_c0p50.log
target_initial_load=0.8
noise_fraction=0.5
runtime_seconds=69.0207997999969
n_samples=1201
final_chi_hhi_star=0.21371339812937715
final_lambda2=0.0
final_total_weight=44.39999999937558
final_load_cv=1.1429375776037705
SINGLE_CASE_RUN_END

