SINGLE_CASE_RUN_START
protocol=relative
alpha=1.74
N=256
seed=103
amplitude_value=1.0
amplitude_label=etarel_c1p00
effective_eta=0.0029019607843137254
run_stem=relative_a1p74_N256_seed103_etarel_c1p00
raw_csv_path=results\init_protocol_sweep_nonlin_onset\raw\relative_a1p74_N256_seed103_etarel_c1p00.csv
log_path=results\init_protocol_sweep_nonlin_onset\logs\relative_a1p74_N256_seed103_etarel_c1p00.log
target_initial_load=0.74
noise_fraction=1.0
runtime_seconds=69.14566639999975
n_samples=1201
final_chi_hhi_star=0.16665385088536572
final_lambda2=0.0
final_total_weight=32.189999999447096
final_load_cv=1.3937462952835913
SINGLE_CASE_RUN_END

