SINGLE_CASE_RUN_START
protocol=relative
alpha=1.74
N=128
seed=101
amplitude_value=0.05
amplitude_label=etarel_c0p05
effective_eta=0.00029133858267716534
run_stem=relative_a1p74_N128_seed101_etarel_c0p05
raw_csv_path=results\init_protocol_sweep_nonlin_onset\raw\relative_a1p74_N128_seed101_etarel_c0p05.csv
log_path=results\init_protocol_sweep_nonlin_onset\logs\relative_a1p74_N128_seed101_etarel_c0p05.log
target_initial_load=0.74
noise_fraction=0.05
runtime_seconds=62.212128900006064
n_samples=1201
final_chi_hhi_star=0.26373387896751976
final_lambda2=-5.746454397389047e-16
final_total_weight=25.529999999561475
final_load_cv=0.924701283530973
SINGLE_CASE_RUN_END

