SINGLE_CASE_RUN_START
protocol=relative
alpha=1.74
N=128
seed=103
amplitude_value=0.05
amplitude_label=etarel_c0p05
effective_eta=0.00029133858267716534
run_stem=relative_a1p74_N128_seed103_etarel_c0p05
raw_csv_path=results\init_protocol_sweep_nonlin_onset\raw\relative_a1p74_N128_seed103_etarel_c0p05.csv
log_path=results\init_protocol_sweep_nonlin_onset\logs\relative_a1p74_N128_seed103_etarel_c0p05.log
target_initial_load=0.74
noise_fraction=0.05
runtime_seconds=62.699809700017795
n_samples=1201
final_chi_hhi_star=0.11018105158698238
final_lambda2=0.0
final_total_weight=11.099999999809338
final_load_cv=1.8073922282197068
SINGLE_CASE_RUN_END

