SINGLE_CASE_RUN_START
protocol=relative
alpha=1.74
N=128
seed=103
amplitude_value=0.2
amplitude_label=etarel_c0p20
effective_eta=0.0011653543307086614
run_stem=relative_a1p74_N128_seed103_etarel_c0p20
raw_csv_path=results\init_protocol_sweep_nonlin_onset\raw\relative_a1p74_N128_seed103_etarel_c0p20.csv
log_path=results\init_protocol_sweep_nonlin_onset\logs\relative_a1p74_N128_seed103_etarel_c0p20.log
target_initial_load=0.74
noise_fraction=0.2
runtime_seconds=64.41424729998107
n_samples=1201
final_chi_hhi_star=0.16923983134872753
final_lambda2=0.0
final_total_weight=16.649999999714012
final_load_cv=1.3581032524923375
SINGLE_CASE_RUN_END

