SINGLE_CASE_RUN_START
protocol=relative
alpha=1.74
N=128
seed=101
amplitude_value=1.0
amplitude_label=etarel_c1p00
effective_eta=0.005826771653543307
run_stem=relative_a1p74_N128_seed101_etarel_c1p00
raw_csv_path=results\init_protocol_sweep_nonlin_onset\raw\relative_a1p74_N128_seed101_etarel_c1p00.csv
log_path=results\init_protocol_sweep_nonlin_onset\logs\relative_a1p74_N128_seed101_etarel_c1p00.log
target_initial_load=0.74
noise_fraction=1.0
runtime_seconds=52.94131950000883
n_samples=1201
final_chi_hhi_star=0.21648685515812366
final_lambda2=0.0
final_total_weight=21.089999999637744
final_load_cv=1.11607080200145
SINGLE_CASE_RUN_END

