SINGLE_CASE_RUN_START
protocol=relative
alpha=1.74
N=256
seed=102
amplitude_value=1.0
amplitude_label=etarel_c1p00
effective_eta=0.0029019607843137254
run_stem=relative_a1p74_N256_seed102_etarel_c1p00
raw_csv_path=results\init_protocol_sweep_nonlin_onset\raw\relative_a1p74_N256_seed102_etarel_c1p00.csv
log_path=results\init_protocol_sweep_nonlin_onset\logs\relative_a1p74_N256_seed102_etarel_c1p00.log
target_initial_load=0.74
noise_fraction=1.0
runtime_seconds=67.48954140002024
n_samples=1201
final_chi_hhi_star=0.18430118110185345
final_lambda2=0.0
final_total_weight=35.519999999389896
final_load_cv=1.2909944487311535
SINGLE_CASE_RUN_END

