SINGLE_CASE_RUN_START
protocol=relative
alpha=1.8
N=256
seed=103
amplitude_value=0.2
amplitude_label=etarel_c0p20
effective_eta=0.000627450980392157
run_stem=relative_a1p80_N256_seed103_etarel_c0p20
raw_csv_path=results\init_protocol_sweep_nonlin_onset\raw\relative_a1p80_N256_seed103_etarel_c0p20.csv
log_path=results\init_protocol_sweep_nonlin_onset\logs\relative_a1p80_N256_seed103_etarel_c0p20.log
target_initial_load=0.8
noise_fraction=0.2
runtime_seconds=68.12975189997815
n_samples=1201
final_chi_hhi_star=0.1548889640744061
final_lambda2=0.0
final_total_weight=32.39999999954437
final_load_cv=1.4698618394745215
SINGLE_CASE_RUN_END

