SINGLE_CASE_RUN_START
protocol=relative
alpha=1.74
N=64
seed=101
amplitude_value=1.0
amplitude_label=etarel_c1p00
effective_eta=0.011746031746031746
run_stem=relative_a1p74_N64_seed101_etarel_c1p00
raw_csv_path=results\init_protocol_sweep_nonlin_onset\raw\relative_a1p74_N64_seed101_etarel_c1p00.csv
log_path=results\init_protocol_sweep_nonlin_onset\logs\relative_a1p74_N64_seed101_etarel_c1p00.log
target_initial_load=0.74
noise_fraction=1.0
runtime_seconds=50.80369540001266
n_samples=1201
final_chi_hhi_star=0.17439516128980764
final_lambda2=0.0
final_total_weight=8.879999999847481
final_load_cv=1.2909944487311535
SINGLE_CASE_RUN_END

