SINGLE_CASE_RUN_START
protocol=relative
alpha=1.8
N=256
seed=101
amplitude_value=0.05
amplitude_label=etarel_c0p05
effective_eta=0.00015686274509803925
run_stem=relative_a1p80_N256_seed101_etarel_c0p05
raw_csv_path=results\init_protocol_sweep_nonlin_onset\raw\relative_a1p80_N256_seed101_etarel_c0p05.csv
log_path=results\init_protocol_sweep_nonlin_onset\logs\relative_a1p80_N256_seed101_etarel_c0p05.log
target_initial_load=0.8
noise_fraction=0.05
runtime_seconds=67.22455460000492
n_samples=1201
final_chi_hhi_star=0.23136072834586846
final_lambda2=-6.944187840353768e-16
final_total_weight=47.99999999932497
final_load_cv=1.0645812948419153
SINGLE_CASE_RUN_END

