SINGLE_CASE_RUN_START
protocol=relative
alpha=1.8
N=64
seed=104
amplitude_value=0.1
amplitude_label=etarel_c0p10
effective_eta=0.0012698412698412698
run_stem=relative_a1p80_N64_seed104_etarel_c0p10
raw_csv_path=results\init_protocol_sweep_nonlin_onset\raw\relative_a1p80_N64_seed104_etarel_c0p10.csv
log_path=results\init_protocol_sweep_nonlin_onset\logs\relative_a1p80_N64_seed104_etarel_c0p10.log
target_initial_load=0.8
noise_fraction=0.1
runtime_seconds=55.56354960001772
n_samples=1201
final_chi_hhi_star=0.1743951612898463
final_lambda2=0.0
final_total_weight=9.599999999864998
final_load_cv=1.2909944487315026
SINGLE_CASE_RUN_END

