SINGLE_CASE_RUN_START
protocol=relative
alpha=1.74
N=256
seed=101
amplitude_value=1.0
amplitude_label=etarel_c1p00
effective_eta=0.0029019607843137254
run_stem=relative_a1p74_N256_seed101_etarel_c1p00
raw_csv_path=results\init_protocol_sweep_nonlin_onset\raw\relative_a1p74_N256_seed101_etarel_c1p00.csv
log_path=results\init_protocol_sweep_nonlin_onset\logs\relative_a1p74_N256_seed101_etarel_c1p00.log
target_initial_load=0.74
noise_fraction=1.0
runtime_seconds=66.19543239998166
n_samples=1201
final_chi_hhi_star=0.2078309547238371
final_lambda2=0.0
final_total_weight=39.95999999931363
final_load_cv=1.1706281947576656
SINGLE_CASE_RUN_END

