SINGLE_CASE_RUN_START
protocol=relative
alpha=1.8
N=128
seed=104
amplitude_value=0.05
amplitude_label=etarel_c0p05
effective_eta=0.0003149606299212599
run_stem=relative_a1p80_N128_seed104_etarel_c0p05
raw_csv_path=results\init_protocol_sweep_nonlin_onset\raw\relative_a1p80_N128_seed104_etarel_c0p05.csv
log_path=results\init_protocol_sweep_nonlin_onset\logs\relative_a1p80_N128_seed104_etarel_c0p05.log
target_initial_load=0.8
noise_fraction=0.05
runtime_seconds=60.2145933000138
n_samples=1201
final_chi_hhi_star=0.15742807539641201
final_lambda2=0.0
final_total_weight=16.799999999763735
final_load_cv=1.4309504001199507
SINGLE_CASE_RUN_END

