SINGLE_CASE_RUN_START
protocol=relative
alpha=1.74
N=256
seed=103
amplitude_value=0.05
amplitude_label=etarel_c0p05
effective_eta=0.00014509803921568628
run_stem=relative_a1p74_N256_seed103_etarel_c0p05
raw_csv_path=results\init_protocol_sweep_nonlin_onset\raw\relative_a1p74_N256_seed103_etarel_c0p05.csv
log_path=results\init_protocol_sweep_nonlin_onset\logs\relative_a1p74_N256_seed103_etarel_c0p05.log
target_initial_load=0.74
noise_fraction=0.05
runtime_seconds=68.73102020000806
n_samples=1201
final_chi_hhi_star=0.18430118110185345
final_lambda2=0.0
final_total_weight=35.51999999938989
final_load_cv=1.2909944487311535
SINGLE_CASE_RUN_END

