SINGLE_CASE_RUN_START
protocol=relative
alpha=1.8
N=128
seed=105
amplitude_value=0.5
amplitude_label=etarel_c0p50
effective_eta=0.003149606299212599
run_stem=relative_a1p80_N128_seed105_etarel_c0p50
raw_csv_path=results\init_protocol_sweep_nonlin_onset\raw\relative_a1p80_N128_seed105_etarel_c0p50.csv
log_path=results\init_protocol_sweep_nonlin_onset\logs\relative_a1p80_N128_seed105_etarel_c0p50.log
target_initial_load=0.8
noise_fraction=0.5
runtime_seconds=62.03236429998651
n_samples=1201
final_chi_hhi_star=0.16923983134876344
final_lambda2=0.0
final_total_weight=17.999999999746862
final_load_cv=1.3581032524927288
SINGLE_CASE_RUN_END

