SINGLE_CASE_RUN_START
protocol=relative
alpha=1.74
N=64
seed=101
amplitude_value=0.05
amplitude_label=etarel_c0p05
effective_eta=0.0005873015873015873
run_stem=relative_a1p74_N64_seed101_etarel_c0p05
raw_csv_path=results\init_protocol_sweep_nonlin_onset\raw\relative_a1p74_N64_seed101_etarel_c0p05.csv
log_path=results\init_protocol_sweep_nonlin_onset\logs\relative_a1p74_N64_seed101_etarel_c0p05.log
target_initial_load=0.74
noise_fraction=0.05
runtime_seconds=58.419504299992695
n_samples=1201
final_chi_hhi_star=0.17439516128980764
final_lambda2=-4.16213171735649e-16
final_total_weight=8.879999999847469
final_load_cv=1.2909944487311533
SINGLE_CASE_RUN_END

