SINGLE_CASE_RUN_START
protocol=relative
alpha=1.8
N=128
seed=101
amplitude_value=1.0
amplitude_label=etarel_c1p00
effective_eta=0.006299212598425198
run_stem=relative_a1p80_N128_seed101_etarel_c1p00
raw_csv_path=results\init_protocol_sweep_nonlin_onset\raw\relative_a1p80_N128_seed101_etarel_c1p00.csv
log_path=results\init_protocol_sweep_nonlin_onset\logs\relative_a1p80_N128_seed101_etarel_c1p00.log
target_initial_load=0.8
noise_fraction=1.0
runtime_seconds=54.05117329998757
n_samples=1201
final_chi_hhi_star=0.20467509920581772
final_lambda2=0.0
final_total_weight=21.599999999696237
final_load_cv=1.170628194757947
SINGLE_CASE_RUN_END

