SINGLE_CASE_RUN_START
protocol=relative
alpha=1.8
N=128
seed=103
amplitude_value=0.1
amplitude_label=etarel_c0p10
effective_eta=0.0006299212598425198
run_stem=relative_a1p80_N128_seed103_etarel_c0p10
raw_csv_path=results\init_protocol_sweep_nonlin_onset\raw\relative_a1p80_N128_seed103_etarel_c0p10.csv
log_path=results\init_protocol_sweep_nonlin_onset\logs\relative_a1p80_N128_seed103_etarel_c0p10.log
target_initial_load=0.8
noise_fraction=0.1
runtime_seconds=64.68783010001061
n_samples=1201
final_chi_hhi_star=0.20467509920581772
final_lambda2=0.0
final_total_weight=21.599999999696237
final_load_cv=1.1706281947579469
SINGLE_CASE_RUN_END

