SINGLE_CASE_RUN_START
protocol=relative
alpha=1.8
N=64
seed=101
amplitude_value=0.05
amplitude_label=etarel_c0p05
effective_eta=0.0006349206349206349
run_stem=relative_a1p80_N64_seed101_etarel_c0p05
raw_csv_path=results\init_protocol_sweep_nonlin_onset\raw\relative_a1p80_N64_seed101_etarel_c0p05.csv
log_path=results\init_protocol_sweep_nonlin_onset\logs\relative_a1p80_N64_seed101_etarel_c0p05.log
target_initial_load=0.8
noise_fraction=0.05
runtime_seconds=88.6335495999956
n_samples=1201
final_chi_hhi_star=0.1743951612898463
final_lambda2=-3.1466741685175396e-16
final_total_weight=9.59999999986499
final_load_cv=1.2909944487315024
SINGLE_CASE_RUN_END

