SINGLE_CASE_RUN_START
protocol=relative
alpha=1.74
N=256
seed=103
amplitude_value=0.5
amplitude_label=etarel_c0p50
effective_eta=0.0014509803921568627
run_stem=relative_a1p74_N256_seed103_etarel_c0p50
raw_csv_path=results\init_protocol_sweep_nonlin_onset\raw\relative_a1p74_N256_seed103_etarel_c0p50.csv
log_path=results\init_protocol_sweep_nonlin_onset\logs\relative_a1p74_N256_seed103_etarel_c0p50.log
target_initial_load=0.74
noise_fraction=0.5
runtime_seconds=68.24160409998149
n_samples=1201
final_chi_hhi_star=0.22547828494032485
final_lambda2=0.0
final_total_weight=43.28999999925644
final_load_cv=1.089969810603561
SINGLE_CASE_RUN_END

