SINGLE_CASE_RUN_START
protocol=relative
alpha=1.74
N=64
seed=105
amplitude_value=0.5
amplitude_label=etarel_c0p50
effective_eta=0.005873015873015873
run_stem=relative_a1p74_N64_seed105_etarel_c0p50
raw_csv_path=results\init_protocol_sweep_nonlin_onset\raw\relative_a1p74_N64_seed105_etarel_c0p50.csv
log_path=results\init_protocol_sweep_nonlin_onset\logs\relative_a1p74_N64_seed105_etarel_c0p50.log
target_initial_load=0.74
noise_fraction=0.5
runtime_seconds=55.93013399996562
n_samples=1201
final_chi_hhi_star=0.12676411290283962
final_lambda2=0.0
final_total_weight=6.659999999885603
final_load_cv=1.5986105077632256
SINGLE_CASE_RUN_END

