SINGLE_CASE_RUN_START
protocol=relative
alpha=1.8
N=128
seed=105
amplitude_value=0.05
amplitude_label=etarel_c0p05
effective_eta=0.0003149606299212599
run_stem=relative_a1p80_N128_seed105_etarel_c0p05
raw_csv_path=results\init_protocol_sweep_nonlin_onset\raw\relative_a1p80_N128_seed105_etarel_c0p05.csv
log_path=results\init_protocol_sweep_nonlin_onset\logs\relative_a1p80_N128_seed105_etarel_c0p05.log
target_initial_load=0.8
noise_fraction=0.05
runtime_seconds=54.96133200003533
n_samples=1201
final_chi_hhi_star=0.1915511422148135
final_lambda2=0.0
final_total_weight=20.79989178510669
final_load_cv=1.2089410499809337
SINGLE_CASE_RUN_END

