SINGLE_CASE_RUN_START
protocol=relative
alpha=1.8
N=256
seed=104
amplitude_value=0.2
amplitude_label=etarel_c0p20
effective_eta=0.000627450980392157
run_stem=relative_a1p80_N256_seed104_etarel_c0p20
raw_csv_path=results\init_protocol_sweep_nonlin_onset\raw\relative_a1p80_N256_seed104_etarel_c0p20.csv
log_path=results\init_protocol_sweep_nonlin_onset\logs\relative_a1p80_N256_seed104_etarel_c0p20.log
target_initial_load=0.8
noise_fraction=0.2
runtime_seconds=69.65219029999571
n_samples=1201
final_chi_hhi_star=0.19606606791288583
final_lambda2=0.0
final_total_weight=40.79999999942622
final_load_cv=1.2287407869681686
SINGLE_CASE_RUN_END

