SINGLE_CASE_RUN_START
protocol=relative
alpha=1.8
N=128
seed=105
amplitude_value=0.2
amplitude_label=etarel_c0p20
effective_eta=0.0012598425196850395
run_stem=relative_a1p80_N128_seed105_etarel_c0p20
raw_csv_path=results\init_protocol_sweep_nonlin_onset\raw\relative_a1p80_N128_seed105_etarel_c0p20.csv
log_path=results\init_protocol_sweep_nonlin_onset\logs\relative_a1p80_N128_seed105_etarel_c0p20.log
target_initial_load=0.8
noise_fraction=0.2
runtime_seconds=66.7799887000001
n_samples=1201
final_chi_hhi_star=0.15742807539641201
final_lambda2=0.0
final_total_weight=16.799999999763738
final_load_cv=1.430950400119951
SINGLE_CASE_RUN_END

