SINGLE_CASE_RUN_START
protocol=relative
alpha=1.8
N=256
seed=102
amplitude_value=0.2
amplitude_label=etarel_c0p20
effective_eta=0.000627450980392157
run_stem=relative_a1p80_N256_seed102_etarel_c0p20
raw_csv_path=results\init_protocol_sweep_nonlin_onset\raw\relative_a1p80_N256_seed102_etarel_c0p20.csv
log_path=results\init_protocol_sweep_nonlin_onset\logs\relative_a1p80_N256_seed102_etarel_c0p20.log
target_initial_load=0.8
noise_fraction=0.2
runtime_seconds=67.88857499998994
n_samples=1201
final_chi_hhi_star=0.2666553887788511
final_lambda2=0.0
final_total_weight=55.19999999922372
final_load_cv=0.9247012835311468
SINGLE_CASE_RUN_END

