SINGLE_CASE_RUN_START
protocol=relative
alpha=1.74
N=256
seed=102
amplitude_value=0.05
amplitude_label=etarel_c0p05
effective_eta=0.00014509803921568628
run_stem=relative_a1p74_N256_seed102_etarel_c0p05
raw_csv_path=results\init_protocol_sweep_nonlin_onset\raw\relative_a1p74_N256_seed102_etarel_c0p05.csv
log_path=results\init_protocol_sweep_nonlin_onset\logs\relative_a1p74_N256_seed102_etarel_c0p05.log
target_initial_load=0.74
noise_fraction=0.05
runtime_seconds=66.72904610002297
n_samples=1201
final_chi_hhi_star=0.23136072834582075
final_lambda2=0.0
final_total_weight=44.39999999923737
final_load_cv=1.0645812948416853
SINGLE_CASE_RUN_END

