SINGLE_CASE_RUN_START
protocol=relative
alpha=1.8
N=64
seed=104
amplitude_value=0.5
amplitude_label=etarel_c0p50
effective_eta=0.006349206349206349
run_stem=relative_a1p80_N64_seed104_etarel_c0p50
raw_csv_path=results\init_protocol_sweep_nonlin_onset\raw\relative_a1p80_N64_seed104_etarel_c0p50.csv
log_path=results\init_protocol_sweep_nonlin_onset\logs\relative_a1p80_N64_seed104_etarel_c0p50.log
target_initial_load=0.8
noise_fraction=0.5
runtime_seconds=56.170948199986015
n_samples=1201
final_chi_hhi_star=0.24584173387031286
final_lambda2=0.0
final_total_weight=13.19999999981436
final_load_cv=0.9692233691927701
SINGLE_CASE_RUN_END

