SINGLE_CASE_RUN_START
protocol=relative
alpha=1.8
N=256
seed=104
amplitude_value=1.0
amplitude_label=etarel_c1p00
effective_eta=0.0031372549019607846
run_stem=relative_a1p80_N256_seed104_etarel_c1p00
raw_csv_path=results\init_protocol_sweep_nonlin_onset\raw\relative_a1p80_N256_seed104_etarel_c1p00.csv
log_path=results\init_protocol_sweep_nonlin_onset\logs\relative_a1p80_N256_seed104_etarel_c1p00.log
target_initial_load=0.8
noise_fraction=1.0
runtime_seconds=71.05424969998421
n_samples=1201
final_chi_hhi_star=0.20783095472388002
final_lambda2=0.0
final_total_weight=43.199999999392475
final_load_cv=1.170628194757947
SINGLE_CASE_RUN_END

