SINGLE_CASE_RUN_START
protocol=relative
alpha=1.74
N=256
seed=105
amplitude_value=0.1
amplitude_label=etarel_c0p10
effective_eta=0.00029019607843137256
run_stem=relative_a1p74_N256_seed105_etarel_c0p10
raw_csv_path=results\init_protocol_sweep_nonlin_onset\raw\relative_a1p74_N256_seed105_etarel_c0p10.csv
log_path=results\init_protocol_sweep_nonlin_onset\logs\relative_a1p74_N256_seed105_etarel_c0p10.log
target_initial_load=0.74
noise_fraction=0.1
runtime_seconds=66.99988240003586
n_samples=1201
final_chi_hhi_star=0.18430118110185348
final_lambda2=0.0
final_total_weight=35.51999999938989
final_load_cv=1.2909944487311535
SINGLE_CASE_RUN_END

